<?xml version="1.0" encoding="UTF-8"?>
<testsuite xmlns:xsi="http://www.w3.org/2001/XMLSchema-instance" xsi:noNamespaceSchemaLocation="https://maven.apache.org/surefire/maven-surefire-plugin/xsd/surefire-test-report.xsd" version="3.0.2" name="com.example.TliasWebManagementApplicationTests" time="2.565" tests="1" errors="0" skipped="0" failures="0">
  <properties>
[...]
</properties>
  <testcase name="contextLoads" classname="com.example.TliasWebManagementApplicationTests" time="0.593">
    <system-out><![CDATA[2025-07-24 08:52:48.803 [main] INFO  o.s.t.c.s.AnnotationConfigContextLoaderUtils-Could not detect default configuration classes for test class [com.example.TliasWebManagementApplicationTests]: TliasWebManagementApplicationTests does not declare any static, non-private, non-final, nested classes annotated with @Configuration.
2025-07-24 08:52:48.909 [main] INFO  o.s.b.t.c.SpringBootTestContextBootstrapper-Found @SpringBootConfiguration com.example.TliasWebManagementApplication for test class com.example.TliasWebManagementApplicationTests
08:52:49,133 |-INFO in ch.qos.logback.core.model.processor.AppenderModelHandler - Processing appender named [STDOUT]
08:52:49,133 |-INFO in ch.qos.logback.core.model.processor.AppenderModelHandler - About to instantiate appender of type [ch.qos.logback.core.ConsoleAppender]
08:52:49,133 |-INFO in ch.qos.logback.core.ConsoleAppender[STDOUT] - BEWARE: Writing to the console can be very slow. Avoid logging to the 
08:52:49,133 |-INFO in ch.qos.logback.core.ConsoleAppender[STDOUT] - console in production environments, especially in high volume systems.
08:52:49,133 |-INFO in ch.qos.logback.core.ConsoleAppender[STDOUT] - See also https://logback.qos.ch/codes.html#slowConsole
08:52:49,133 |-WARN in ch.qos.logback.core.model.processor.AppenderModelHandler - Appender named [FILE] not referenced. Skipping further processing.
08:52:49,133 |-INFO in ch.qos.logback.classic.model.processor.RootLoggerModelHandler - Setting level of ROOT logger to INFO
08:52:49,134 |-INFO in ch.qos.logback.classic.jul.LevelChangePropagator@5486887b - Propagating INFO level on Logger[ROOT] onto the JUL framework
08:52:49,134 |-INFO in ch.qos.logback.core.model.processor.AppenderRefModelHandler - Attaching appender named [STDOUT] to Logger[ROOT]
08:52:49,134 |-INFO in ch.qos.logback.core.model.processor.DefaultProcessor@5226e402 - End of configuration.
08:52:49,134 |-INFO in org.springframework.boot.logging.logback.SpringBootJoranConfigurator@1440c311 - Registering current configuration as safe fallback point


  .   ____          _            __ _ _
 /\\ / ___'_ __ _ _(_)_ __  __ _ \ \ \ \
( ( )\___ | '_ | '_| | '_ \/ _` | \ \ \ \
 \\/  ___)| |_)| | | | | || (_| |  ) ) ) )
  '  |____| .__|_| |_|_| |_\__, | / / / /
 =========|_|==============|___/=/_/_/_/

 :: Spring Boot ::                (v3.4.7)

2025-07-24 08:52:49.189 [main] INFO  c.e.TliasWebManagementApplicationTests-Starting TliasWebManagementApplicationTests using Java 17.0.2 with PID 33960 (started by jy in F:\JB\web-ai-project02\tlias-web-management)
2025-07-24 08:52:49.191 [main] INFO  c.e.TliasWebManagementApplicationTests-No active profile set, falling back to 1 default profile: "default"
Logging initialized using 'class org.apache.ibatis.logging.stdout.StdOutImpl' adapter.


,------.                           ,--.  ,--.         ,--.                         
|  .--. '  ,--,--.  ,---.   ,---.  |  '--'  |  ,---.  |  |  ,---.   ,---.  ,--.--. 
|  '--' | ' ,-.  | | .-. | | .-. : |  .--.  | | .-. : |  | | .-. | | .-. : |  .--' 
|  | --'  \ '-'  | ' '-' ' \   --. |  |  |  | \   --. |  | | '-' ' \   --. |  |    
`--'       `--`--' .`-  /   `----' `--'  `--'  `----' `--' |  |-'   `----' `--'    
                   `---'                                   `--'                        is intercepting.

2025-07-24 08:52:50.667 [main] INFO  c.e.TliasWebManagementApplicationTests-Started TliasWebManagementApplicationTests in 1.664 seconds (process running for 3.02)
]]></system-out>
  </testcase>
</testsuite>